2020-06-15 09:58:21,273 DEBUG - 4.329ms,commonrequest:getBlockNumber:DONE
2020-06-15 09:58:21,757 DEBUG - 465.465ms,commonrequest:sendRawTransaction:DONE
2020-06-15 09:58:21,762 DEBUG - 4.062ms,commonrequest:getTransactionByHash:DONE
2020-06-15 09:59:22,165 DEBUG - 3.903ms,commonrequest:getBlockNumber:DONE
2020-06-15 09:59:22,182 DEBUG - 8.256ms,commonrequest:call:DONE
2020-06-15 10:04:10,156 DEBUG - 4.744ms,commonrequest:getBlockNumber:DONE
2020-06-15 10:04:10,171 DEBUG - 9.302ms,commonrequest:call:DONE
2020-06-15 10:06:17,894 DEBUG - 4.911ms,commonrequest:getBlockNumber:DONE
2020-06-15 10:09:55,732 DEBUG - 4.977ms,commonrequest:getBlockNumber:DONE
2020-06-15 10:09:55,748 DEBUG - 7.607ms,commonrequest:call:DONE
2020-06-15 10:10:12,665 DEBUG - 4.891ms,commonrequest:getBlockNumber:DONE
2020-06-15 10:10:13,027 DEBUG - 343.107ms,commonrequest:sendRawTransaction:DONE
2020-06-15 10:10:13,032 DEBUG - 4.541ms,commonrequest:getTransactionByHash:DONE
2020-06-15 10:10:21,361 DEBUG - 4.920ms,commonrequest:getBlockNumber:DONE
2020-06-15 10:10:21,373 DEBUG - 5.989ms,commonrequest:call:DONE
2020-06-15 13:47:19,923 DEBUG - 7.332ms,commonrequest:getBlockNumber:DONE
2020-06-15 13:47:19,942 DEBUG - 12.784ms,commonrequest:call:DONE
2020-06-15 13:47:47,759 DEBUG - 7.180ms,commonrequest:getBlockNumber:DONE
2020-06-15 13:47:47,778 DEBUG - 10.534ms,commonrequest:call:DONE
2020-06-15 13:50:06,539 DEBUG - 6.571ms,commonrequest:getBlockNumber:DONE
2020-06-15 13:51:07,641 DEBUG - 7.943ms,commonrequest:getBlockNumber:DONE
2020-06-15 13:51:07,833 DEBUG - 172.356ms,commonrequest:sendRawTransaction:DONE
2020-06-15 13:51:07,839 DEBUG - 5.918ms,commonrequest:getTransactionByHash:DONE
2020-06-15 13:52:19,940 DEBUG - 7.292ms,commonrequest:getBlockNumber:DONE
2020-06-15 13:52:19,960 DEBUG - 11.704ms,commonrequest:call:DONE
2020-06-15 13:54:08,793 DEBUG - 6.579ms,commonrequest:getBlockNumber:DONE
2020-06-15 13:54:09,275 DEBUG - 466.853ms,commonrequest:sendRawTransaction:DONE
2020-06-15 13:54:09,280 DEBUG - 4.521ms,commonrequest:getTransactionByHash:DONE
2020-06-15 13:54:20,162 DEBUG - 7.710ms,commonrequest:getBlockNumber:DONE
2020-06-15 13:54:20,598 DEBUG - 419.984ms,commonrequest:sendRawTransaction:DONE
2020-06-15 13:54:20,605 DEBUG - 6.378ms,commonrequest:getTransactionByHash:DONE
2020-06-15 13:56:05,340 DEBUG - 9.853ms,commonrequest:getBlockNumber:DONE
2020-06-15 13:57:02,611 DEBUG - 8.694ms,commonrequest:getBlockNumber:DONE
2020-06-15 13:57:02,718 DEBUG - 90.584ms,commonrequest:sendRawTransaction:DONE
2020-06-15 13:57:02,725 DEBUG - 6.526ms,commonrequest:getTransactionByHash:DONE
2020-06-15 13:57:44,787 DEBUG - 7.850ms,commonrequest:getBlockNumber:DONE
2020-06-15 13:57:44,806 DEBUG - 11.454ms,commonrequest:call:DONE
2020-06-15 13:59:05,620 DEBUG - 9.413ms,commonrequest:getBlockNumber:DONE
2020-06-15 13:59:05,701 DEBUG - 67.431ms,commonrequest:sendRawTransaction:DONE
2020-06-15 13:59:05,708 DEBUG - 6.571ms,commonrequest:getTransactionByHash:DONE
2020-06-15 14:00:04,340 DEBUG - 8.890ms,commonrequest:getBlockNumber:DONE
2020-06-15 14:00:04,360 DEBUG - 11.397ms,commonrequest:call:DONE
2020-06-15 14:02:30,541 DEBUG - 9.249ms,commonrequest:getBlockNumber:DONE
2020-06-15 14:02:30,557 DEBUG - 10.598ms,commonrequest:call:DONE
2020-06-15 14:09:02,233 DEBUG - 3.476ms,commonrequest:getBlockNumber:DONE
2020-06-15 14:09:02,736 DEBUG - 487.366ms,commonrequest:sendRawTransaction:DONE
2020-06-15 14:09:02,742 DEBUG - 4.946ms,commonrequest:getTransactionByHash:DONE
2020-06-15 14:10:51,403 DEBUG - 3.315ms,commonrequest:getBlockNumber:DONE
2020-06-15 14:12:41,235 DEBUG - 4.737ms,commonrequest:getBlockNumber:DONE
2020-06-15 14:12:41,309 DEBUG - 57.000ms,commonrequest:sendRawTransaction:DONE
2020-06-15 14:12:41,314 DEBUG - 4.468ms,commonrequest:getTransactionByHash:DONE
2020-06-15 14:12:49,729 DEBUG - 3.920ms,commonrequest:getBlockNumber:DONE
2020-06-15 14:12:49,743 DEBUG - 6.265ms,commonrequest:call:DONE
2020-06-15 14:13:54,869 DEBUG - 5.122ms,commonrequest:getBlockNumber:DONE
2020-06-15 14:13:54,884 DEBUG - 8.247ms,commonrequest:call:DONE
2020-06-15 14:14:28,125 DEBUG - 5.484ms,commonrequest:getBlockNumber:DONE
2020-06-15 14:14:28,138 DEBUG - 6.673ms,commonrequest:call:DONE
2020-06-15 14:18:19,061 DEBUG - 5.141ms,commonrequest:getBlockNumber:DONE
2020-06-15 14:19:30,740 DEBUG - 5.653ms,commonrequest:getBlockNumber:DONE
2020-06-15 14:19:30,866 DEBUG - 107.763ms,commonrequest:sendRawTransaction:DONE
2020-06-15 14:19:30,874 DEBUG - 7.535ms,commonrequest:getTransactionByHash:DONE
2020-06-15 14:19:40,807 DEBUG - 6.531ms,commonrequest:getBlockNumber:DONE
2020-06-15 14:19:40,826 DEBUG - 12.378ms,commonrequest:call:DONE
2020-06-15 15:33:48,016 DEBUG - 3.775ms,commonrequest:getBlockNumber:DONE
2020-06-15 15:33:48,071 DEBUG - 46.628ms,commonrequest:call:DONE
2020-06-15 15:34:56,401 DEBUG - 4.354ms,commonrequest:getBlockNumber:DONE
2020-06-15 15:34:56,421 DEBUG - 10.579ms,commonrequest:call:DONE
2020-06-15 15:35:15,496 DEBUG - 4.354ms,commonrequest:getBlockNumber:DONE
2020-06-15 15:35:15,511 DEBUG - 8.104ms,commonrequest:call:DONE
2020-06-15 15:36:22,746 DEBUG - 3.855ms,commonrequest:getBlockNumber:DONE
2020-06-15 15:36:22,764 DEBUG - 8.109ms,commonrequest:call:DONE
2020-06-15 15:36:38,056 DEBUG - 4.209ms,commonrequest:getBlockNumber:DONE
2020-06-15 15:36:38,073 DEBUG - 11.216ms,commonrequest:call:DONE
2020-06-15 15:38:30,186 DEBUG - 4.011ms,commonrequest:getBlockNumber:DONE
2020-06-15 15:38:30,202 DEBUG - 9.105ms,commonrequest:call:DONE
2020-06-15 15:39:43,950 DEBUG - 5.132ms,commonrequest:getBlockNumber:DONE
2020-06-15 15:39:43,967 DEBUG - 9.399ms,commonrequest:call:DONE
2020-06-15 15:42:27,431 DEBUG - 7.435ms,commonrequest:getBlockNumber:DONE
2020-06-15 15:42:27,452 DEBUG - 11.556ms,commonrequest:call:DONE
2020-06-15 15:42:51,781 DEBUG - 5.379ms,commonrequest:getBlockNumber:DONE
2020-06-15 15:42:51,799 DEBUG - 9.149ms,commonrequest:call:DONE
2020-06-15 15:44:06,970 DEBUG - 5.064ms,commonrequest:getBlockNumber:DONE
2020-06-15 15:44:06,988 DEBUG - 11.486ms,commonrequest:call:DONE
2020-06-15 16:24:32,106 DEBUG - 4.354ms,commonrequest:getBlockNumber:DONE
2020-06-15 16:24:32,163 DEBUG - 48.942ms,commonrequest:call:DONE
2020-06-15 16:52:38,968 DEBUG - 4.116ms,commonrequest:getBlockNumber:DONE
2020-06-15 16:52:38,986 DEBUG - 10.915ms,commonrequest:call:DONE
2020-06-16 09:27:26,529 DEBUG - 4.193ms,commonrequest:getBlockNumber:DONE
2020-06-16 09:27:27,019 DEBUG - 473.039ms,commonrequest:sendRawTransaction:DONE
2020-06-16 09:27:27,025 DEBUG - 4.875ms,commonrequest:getTransactionByHash:DONE
2020-06-16 09:41:22,460 DEBUG - 4.308ms,commonrequest:getBlockNumber:DONE
2020-06-16 10:02:09,998 DEBUG - 3.977ms,commonrequest:getBlockNumber:DONE
2020-06-16 10:07:23,444 DEBUG - 5.414ms,commonrequest:getBlockNumber:DONE
2020-06-16 10:07:23,467 DEBUG - 11.662ms,commonrequest:call:DONE
2020-06-16 10:08:47,615 DEBUG - 5.436ms,commonrequest:getBlockNumber:DONE
2020-06-16 10:08:47,633 DEBUG - 11.415ms,commonrequest:call:DONE
2020-06-16 10:15:05,751 DEBUG - 4.735ms,commonrequest:getBlockNumber:DONE
2020-06-16 10:15:05,773 DEBUG - 13.400ms,commonrequest:call:DONE
2020-06-16 10:18:53,324 DEBUG - 5.765ms,commonrequest:getBlockNumber:DONE
2020-06-16 10:18:53,381 DEBUG - 50.128ms,commonrequest:call:DONE
2020-06-16 10:23:11,880 DEBUG - 6.657ms,commonrequest:getBlockNumber:DONE
2020-06-16 10:23:11,899 DEBUG - 12.715ms,commonrequest:call:DONE
2020-06-16 10:43:48,368 DEBUG - 5.892ms,commonrequest:getBlockNumber:DONE
2020-06-16 10:43:48,431 DEBUG - 54.112ms,commonrequest:call:DONE
2020-06-16 10:44:39,008 DEBUG - 6.584ms,commonrequest:getBlockNumber:DONE
2020-06-16 10:44:39,027 DEBUG - 10.861ms,commonrequest:call:DONE
2020-06-16 10:44:43,648 DEBUG - 6.644ms,commonrequest:getBlockNumber:DONE
2020-06-16 10:44:43,666 DEBUG - 9.331ms,commonrequest:call:DONE
2020-06-16 10:47:12,814 DEBUG - 5.713ms,commonrequest:getBlockNumber:DONE
2020-06-16 10:47:12,833 DEBUG - 12.438ms,commonrequest:call:DONE
2020-06-16 11:02:49,044 DEBUG - 6.411ms,commonrequest:getBlockNumber:DONE
2020-06-16 11:02:49,068 DEBUG - 15.690ms,commonrequest:call:DONE
2020-06-16 11:05:00,498 DEBUG - 7.206ms,commonrequest:getBlockNumber:DONE
2020-06-16 11:05:00,518 DEBUG - 12.465ms,commonrequest:call:DONE
2020-06-16 11:05:09,416 DEBUG - 7.622ms,commonrequest:getBlockNumber:DONE
2020-06-16 11:05:09,437 DEBUG - 11.261ms,commonrequest:call:DONE
2020-06-16 11:07:21,983 DEBUG - 8.686ms,commonrequest:getBlockNumber:DONE
2020-06-16 11:07:22,003 DEBUG - 14.654ms,commonrequest:call:DONE
2020-06-16 11:07:32,519 DEBUG - 11.383ms,commonrequest:getBlockNumber:DONE
2020-06-16 11:07:32,540 DEBUG - 14.624ms,commonrequest:call:DONE
2020-06-16 11:08:42,646 DEBUG - 10.206ms,commonrequest:getBlockNumber:DONE
2020-06-16 11:08:42,666 DEBUG - 11.127ms,commonrequest:call:DONE
2020-06-16 11:11:01,830 DEBUG - 9.436ms,commonrequest:getBlockNumber:DONE
2020-06-16 11:11:01,852 DEBUG - 13.716ms,commonrequest:call:DONE
2020-06-16 11:11:32,563 DEBUG - 8.005ms,commonrequest:getBlockNumber:DONE
2020-06-16 11:11:32,579 DEBUG - 9.221ms,commonrequest:call:DONE
2020-06-16 11:13:00,495 DEBUG - 9.033ms,commonrequest:getBlockNumber:DONE
2020-06-16 11:13:00,514 DEBUG - 12.362ms,commonrequest:call:DONE
2020-06-16 11:26:29,466 DEBUG - 4.009ms,commonrequest:getBlockNumber:DONE
2020-06-16 11:26:29,525 DEBUG - 48.486ms,commonrequest:call:DONE
2020-06-16 11:28:01,863 DEBUG - 4.888ms,commonrequest:getBlockNumber:DONE
2020-06-16 11:28:01,879 DEBUG - 8.323ms,commonrequest:call:DONE
2020-06-16 13:06:35,068 DEBUG - 4.550ms,commonrequest:getBlockNumber:DONE
2020-06-16 13:06:35,123 DEBUG - 45.675ms,commonrequest:call:DONE
2020-06-16 13:13:18,742 DEBUG - 6.413ms,commonrequest:getBlockNumber:DONE
2020-06-16 13:13:18,763 DEBUG - 12.422ms,commonrequest:call:DONE
2020-06-16 13:14:28,396 DEBUG - 5.534ms,commonrequest:getBlockNumber:DONE
2020-06-16 13:14:28,415 DEBUG - 12.547ms,commonrequest:call:DONE
2020-06-16 13:15:04,999 DEBUG - 6.053ms,commonrequest:getBlockNumber:DONE
2020-06-16 13:15:05,014 DEBUG - 8.316ms,commonrequest:call:DONE
2020-06-16 13:15:09,796 DEBUG - 6.776ms,commonrequest:getBlockNumber:DONE
2020-06-16 13:15:09,815 DEBUG - 9.929ms,commonrequest:call:DONE
2020-06-16 13:26:05,445 DEBUG - 6.462ms,commonrequest:getBlockNumber:DONE
2020-06-16 13:26:05,462 DEBUG - 9.284ms,commonrequest:call:DONE
2020-06-16 13:26:10,485 DEBUG - 6.546ms,commonrequest:getBlockNumber:DONE
2020-06-16 13:26:10,503 DEBUG - 10.679ms,commonrequest:call:DONE
2020-06-16 14:43:16,961 DEBUG - 3.829ms,commonrequest:getBlockNumber:DONE
2020-06-16 14:53:22,290 DEBUG - 3.812ms,commonrequest:getBlockNumber:DONE
2020-06-16 14:53:59,175 DEBUG - 3.636ms,commonrequest:getBlockNumber:DONE
2020-06-16 15:00:40,870 DEBUG - 4.004ms,commonrequest:getBlockNumber:DONE
2020-06-16 15:03:21,633 DEBUG - 4.008ms,commonrequest:getBlockNumber:DONE
2020-06-16 15:04:08,110 DEBUG - 5.439ms,commonrequest:getBlockNumber:DONE
2020-06-16 15:06:13,548 DEBUG - 3.880ms,commonrequest:getBlockNumber:DONE
2020-06-16 15:06:37,894 DEBUG - 3.839ms,commonrequest:getBlockNumber:DONE
2020-06-16 15:09:41,898 DEBUG - 5.198ms,commonrequest:getBlockNumber:DONE
2020-06-16 15:09:42,067 DEBUG - 145.964ms,commonrequest:sendRawTransaction:DONE
2020-06-16 15:09:42,073 DEBUG - 5.955ms,commonrequest:getTransactionByHash:DONE
2020-06-16 15:11:07,819 DEBUG - 4.034ms,commonrequest:getBlockNumber:DONE
2020-06-16 15:11:07,998 DEBUG - 162.046ms,commonrequest:sendRawTransaction:DONE
2020-06-16 15:11:08,007 DEBUG - 7.900ms,commonrequest:getTransactionByHash:DONE
2020-06-16 15:18:00,261 DEBUG - 5.198ms,commonrequest:getBlockNumber:DONE
2020-06-16 15:18:28,929 DEBUG - 5.157ms,commonrequest:getBlockNumber:DONE
2020-06-16 15:18:28,950 DEBUG - 15.017ms,commonrequest:call:DONE
2020-06-16 15:28:47,740 DEBUG - 4.216ms,commonrequest:getBlockNumber:DONE
2020-06-16 15:28:47,831 DEBUG - 68.207ms,commonrequest:sendRawTransaction:DONE
2020-06-16 15:28:47,839 DEBUG - 6.845ms,commonrequest:getTransactionByHash:DONE
2020-06-16 15:37:05,167 DEBUG - 3.366ms,commonrequest:getBlockNumber:DONE
2020-06-16 15:37:05,284 DEBUG - 98.975ms,commonrequest:sendRawTransaction:DONE
2020-06-16 15:37:05,293 DEBUG - 8.015ms,commonrequest:getTransactionByHash:DONE
2020-06-16 15:37:24,052 DEBUG - 4.016ms,commonrequest:getBlockNumber:DONE
2020-06-16 15:37:24,069 DEBUG - 9.461ms,commonrequest:call:DONE
2020-06-16 15:39:07,036 DEBUG - 4.461ms,commonrequest:getBlockNumber:DONE
2020-06-16 15:39:07,476 DEBUG - 426.322ms,commonrequest:sendRawTransaction:DONE
2020-06-16 15:39:07,484 DEBUG - 7.582ms,commonrequest:getTransactionByHash:DONE
2020-06-16 15:39:17,996 DEBUG - 4.114ms,commonrequest:getBlockNumber:DONE
2020-06-16 15:39:18,013 DEBUG - 9.274ms,commonrequest:call:DONE
2020-06-16 15:40:45,215 DEBUG - 5.232ms,commonrequest:getBlockNumber:DONE
2020-06-16 15:40:45,268 DEBUG - 47.072ms,commonrequest:call:DONE
2020-06-16 15:43:57,324 DEBUG - 5.436ms,commonrequest:getBlockNumber:DONE
2020-06-16 15:43:57,343 DEBUG - 12.527ms,commonrequest:call:DONE
2020-06-16 15:44:29,165 DEBUG - 5.125ms,commonrequest:getBlockNumber:DONE
2020-06-16 15:44:29,181 DEBUG - 9.198ms,commonrequest:call:DONE
2020-06-16 15:44:49,446 DEBUG - 6.534ms,commonrequest:getBlockNumber:DONE
2020-06-16 15:44:49,464 DEBUG - 12.567ms,commonrequest:call:DONE
2020-06-16 15:46:05,819 DEBUG - 4.091ms,commonrequest:getBlockNumber:DONE
2020-06-16 15:46:05,870 DEBUG - 40.049ms,commonrequest:call:DONE
2020-06-16 15:46:11,383 DEBUG - 4.361ms,commonrequest:getBlockNumber:DONE
2020-06-16 15:46:11,406 DEBUG - 14.804ms,commonrequest:call:DONE
2020-06-16 15:46:28,556 DEBUG - 4.037ms,commonrequest:getBlockNumber:DONE
2020-06-16 15:46:28,576 DEBUG - 11.373ms,commonrequest:call:DONE
2020-06-16 15:46:47,701 DEBUG - 5.332ms,commonrequest:getBlockNumber:DONE
2020-06-16 15:46:47,717 DEBUG - 10.234ms,commonrequest:call:DONE
2020-06-16 15:47:14,203 DEBUG - 8.408ms,commonrequest:getBlockNumber:DONE
2020-06-16 15:47:14,221 DEBUG - 9.301ms,commonrequest:call:DONE
2020-06-16 15:47:27,699 DEBUG - 4.776ms,commonrequest:getBlockNumber:DONE
2020-06-16 15:47:27,719 DEBUG - 13.899ms,commonrequest:call:DONE
2020-06-16 15:48:05,895 DEBUG - 5.400ms,commonrequest:getBlockNumber:DONE
2020-06-16 15:48:05,949 DEBUG - 47.200ms,commonrequest:call:DONE
2020-06-16 15:52:07,842 DEBUG - 4.117ms,commonrequest:getBlockNumber:DONE
2020-06-16 15:52:07,865 DEBUG - 12.481ms,commonrequest:call:DONE
2020-06-16 15:52:23,899 DEBUG - 5.916ms,commonrequest:getBlockNumber:DONE
2020-06-16 15:52:23,920 DEBUG - 12.385ms,commonrequest:call:DONE
2020-06-16 15:53:31,929 DEBUG - 4.491ms,commonrequest:getBlockNumber:DONE
2020-06-16 15:53:31,948 DEBUG - 10.559ms,commonrequest:call:DONE
2020-06-16 15:54:41,564 DEBUG - 4.044ms,commonrequest:getBlockNumber:DONE
2020-06-16 15:54:41,583 DEBUG - 10.537ms,commonrequest:call:DONE
2020-06-16 15:55:02,818 DEBUG - 3.895ms,commonrequest:getBlockNumber:DONE
2020-06-16 15:55:02,844 DEBUG - 17.814ms,commonrequest:call:DONE
2020-06-16 15:55:40,358 DEBUG - 5.264ms,commonrequest:getBlockNumber:DONE
2020-06-16 15:55:40,611 DEBUG - 234.396ms,commonrequest:sendRawTransaction:DONE
2020-06-16 15:55:40,617 DEBUG - 4.895ms,commonrequest:getTransactionByHash:DONE
2020-06-16 15:56:22,990 DEBUG - 4.257ms,commonrequest:getBlockNumber:DONE
2020-06-16 15:56:23,065 DEBUG - 55.506ms,commonrequest:sendRawTransaction:DONE
2020-06-16 15:56:23,080 DEBUG - 14.103ms,commonrequest:getTransactionByHash:DONE
2020-06-16 15:56:38,782 DEBUG - 5.150ms,commonrequest:getBlockNumber:DONE
2020-06-16 15:56:38,798 DEBUG - 9.351ms,commonrequest:call:DONE
2020-06-16 15:58:43,574 DEBUG - 5.153ms,commonrequest:getBlockNumber:DONE
2020-06-16 15:58:43,594 DEBUG - 12.586ms,commonrequest:call:DONE
2020-06-16 15:59:41,215 DEBUG - 6.303ms,commonrequest:getBlockNumber:DONE
2020-06-16 15:59:41,240 DEBUG - 15.580ms,commonrequest:call:DONE
2020-06-16 16:00:00,718 DEBUG - 4.348ms,commonrequest:getBlockNumber:DONE
2020-06-16 16:00:00,738 DEBUG - 11.094ms,commonrequest:call:DONE
2020-06-16 16:00:48,448 DEBUG - 3.692ms,commonrequest:getBlockNumber:DONE
2020-06-16 16:00:48,465 DEBUG - 10.334ms,commonrequest:call:DONE
2020-06-16 16:01:41,235 DEBUG - 4.067ms,commonrequest:getBlockNumber:DONE
2020-06-16 16:01:41,373 DEBUG - 114.041ms,commonrequest:sendRawTransaction:DONE
2020-06-16 16:01:41,381 DEBUG - 7.024ms,commonrequest:getTransactionByHash:DONE
2020-06-16 16:02:22,973 DEBUG - 6.259ms,commonrequest:getBlockNumber:DONE
2020-06-16 16:02:23,076 DEBUG - 83.961ms,commonrequest:sendRawTransaction:DONE
2020-06-16 16:02:23,085 DEBUG - 8.843ms,commonrequest:getTransactionByHash:DONE
2020-06-16 16:02:37,686 DEBUG - 4.928ms,commonrequest:getBlockNumber:DONE
2020-06-16 16:02:37,704 DEBUG - 11.611ms,commonrequest:call:DONE
2020-06-16 16:04:50,278 DEBUG - 4.626ms,commonrequest:getBlockNumber:DONE
2020-06-16 16:04:50,295 DEBUG - 11.209ms,commonrequest:call:DONE
2020-06-16 16:05:57,511 DEBUG - 4.051ms,commonrequest:getBlockNumber:DONE
2020-06-16 16:05:57,533 DEBUG - 11.446ms,commonrequest:call:DONE
2020-06-16 16:07:19,165 DEBUG - 4.145ms,commonrequest:getBlockNumber:DONE
2020-06-16 16:07:19,186 DEBUG - 10.321ms,commonrequest:call:DONE
2020-06-16 16:07:27,708 DEBUG - 4.537ms,commonrequest:getBlockNumber:DONE
2020-06-16 16:07:27,723 DEBUG - 10.320ms,commonrequest:call:DONE
2020-06-16 16:08:30,230 DEBUG - 5.953ms,commonrequest:getBlockNumber:DONE
2020-06-16 16:08:30,252 DEBUG - 12.650ms,commonrequest:call:DONE
2020-06-16 16:09:34,089 DEBUG - 4.744ms,commonrequest:getBlockNumber:DONE
2020-06-16 16:09:34,108 DEBUG - 10.391ms,commonrequest:call:DONE
2020-06-16 16:10:08,524 DEBUG - 5.439ms,commonrequest:getBlockNumber:DONE
2020-06-16 16:10:08,580 DEBUG - 47.628ms,commonrequest:call:DONE
2020-06-16 16:11:26,840 DEBUG - 3.799ms,commonrequest:getBlockNumber:DONE
2020-06-16 16:11:27,155 DEBUG - 297.859ms,commonrequest:sendRawTransaction:DONE
2020-06-16 16:11:27,163 DEBUG - 7.366ms,commonrequest:getTransactionByHash:DONE
2020-06-16 16:11:46,961 DEBUG - 4.276ms,commonrequest:getBlockNumber:DONE
2020-06-16 16:11:46,980 DEBUG - 11.765ms,commonrequest:call:DONE
2020-06-16 16:12:50,738 DEBUG - 4.272ms,commonrequest:getBlockNumber:DONE
2020-06-16 16:12:50,842 DEBUG - 87.828ms,commonrequest:sendRawTransaction:DONE
2020-06-16 16:12:50,848 DEBUG - 6.363ms,commonrequest:getTransactionByHash:DONE
2020-06-16 16:13:07,675 DEBUG - 4.571ms,commonrequest:getBlockNumber:DONE
2020-06-16 16:13:07,692 DEBUG - 10.318ms,commonrequest:call:DONE
2020-06-16 16:13:42,451 DEBUG - 5.352ms,commonrequest:getBlockNumber:DONE
2020-06-16 16:13:42,529 DEBUG - 61.939ms,commonrequest:sendRawTransaction:DONE
2020-06-16 16:13:42,542 DEBUG - 11.949ms,commonrequest:getTransactionByHash:DONE
2020-06-16 16:13:52,715 DEBUG - 5.257ms,commonrequest:getBlockNumber:DONE
2020-06-16 16:13:52,734 DEBUG - 10.406ms,commonrequest:call:DONE
2020-06-16 16:15:54,606 DEBUG - 6.769ms,commonrequest:getBlockNumber:DONE
2020-06-16 16:15:54,625 DEBUG - 12.464ms,commonrequest:call:DONE
2020-06-16 16:17:28,893 DEBUG - 6.564ms,commonrequest:getBlockNumber:DONE
2020-06-16 16:17:28,910 DEBUG - 10.693ms,commonrequest:call:DONE
2020-06-16 16:23:23,890 DEBUG - 7.250ms,commonrequest:getBlockNumber:DONE
2020-06-16 16:23:23,923 DEBUG - 21.639ms,commonrequest:call:DONE
2020-06-16 16:29:18,522 DEBUG - 6.891ms,commonrequest:getBlockNumber:DONE
2020-06-16 16:29:18,545 DEBUG - 14.612ms,commonrequest:call:DONE
2020-06-16 16:33:08,311 DEBUG - 6.644ms,commonrequest:getBlockNumber:DONE
2020-06-16 16:33:08,333 DEBUG - 13.660ms,commonrequest:call:DONE
2020-06-16 16:33:50,634 DEBUG - 6.598ms,commonrequest:getBlockNumber:DONE
2020-06-16 16:33:50,689 DEBUG - 46.885ms,commonrequest:call:DONE
2020-06-16 16:35:42,681 DEBUG - 6.089ms,commonrequest:getBlockNumber:DONE
2020-06-16 16:35:42,701 DEBUG - 12.630ms,commonrequest:call:DONE
2020-06-16 16:36:01,786 DEBUG - 8.561ms,commonrequest:getBlockNumber:DONE
2020-06-16 16:36:01,812 DEBUG - 19.054ms,commonrequest:call:DONE
2020-06-16 16:36:06,643 DEBUG - 8.684ms,commonrequest:getBlockNumber:DONE
2020-06-16 16:36:06,667 DEBUG - 14.718ms,commonrequest:call:DONE
2020-06-16 16:38:39,348 DEBUG - 8.897ms,commonrequest:getBlockNumber:DONE
2020-06-16 16:38:39,407 DEBUG - 50.129ms,commonrequest:call:DONE
2020-06-16 16:40:17,027 DEBUG - 8.217ms,commonrequest:getBlockNumber:DONE
2020-06-16 16:40:17,049 DEBUG - 12.440ms,commonrequest:call:DONE
2020-06-16 16:45:36,294 DEBUG - 7.951ms,commonrequest:getBlockNumber:DONE
2020-06-16 16:45:36,319 DEBUG - 16.791ms,commonrequest:call:DONE
2020-06-16 16:46:12,920 DEBUG - 7.412ms,commonrequest:getBlockNumber:DONE
2020-06-16 16:46:12,942 DEBUG - 15.909ms,commonrequest:call:DONE
2020-06-16 16:51:58,800 DEBUG - 9.755ms,commonrequest:getBlockNumber:DONE
2020-06-16 16:51:58,821 DEBUG - 14.786ms,commonrequest:call:DONE
2020-06-16 16:52:49,880 DEBUG - 10.176ms,commonrequest:getBlockNumber:DONE
2020-06-16 16:52:49,898 DEBUG - 10.625ms,commonrequest:call:DONE
2020-06-16 16:53:06,245 DEBUG - 10.616ms,commonrequest:getBlockNumber:DONE
2020-06-16 16:53:06,299 DEBUG - 47.886ms,commonrequest:call:DONE
2020-06-16 16:54:23,031 DEBUG - 10.203ms,commonrequest:getBlockNumber:DONE
2020-06-16 16:54:23,050 DEBUG - 12.637ms,commonrequest:call:DONE
2020-06-16 16:59:25,711 DEBUG - 11.345ms,commonrequest:getBlockNumber:DONE
2020-06-16 16:59:25,732 DEBUG - 14.823ms,commonrequest:call:DONE
2020-06-16 17:03:14,207 DEBUG - 8.911ms,commonrequest:getBlockNumber:DONE
2020-06-16 17:03:14,225 DEBUG - 12.488ms,commonrequest:call:DONE
2020-06-16 17:09:56,876 DEBUG - 8.960ms,commonrequest:getBlockNumber:DONE
2020-06-16 17:09:56,897 DEBUG - 15.023ms,commonrequest:call:DONE
2020-06-16 17:11:34,492 DEBUG - 11.516ms,commonrequest:getBlockNumber:DONE
2020-06-16 17:11:34,509 DEBUG - 12.650ms,commonrequest:call:DONE
2020-06-16 17:16:40,728 DEBUG - 12.532ms,commonrequest:getBlockNumber:DONE
2020-06-16 17:16:40,785 DEBUG - 48.434ms,commonrequest:call:DONE
2020-06-16 17:18:51,972 DEBUG - 11.335ms,commonrequest:getBlockNumber:DONE
2020-06-16 17:18:51,993 DEBUG - 12.690ms,commonrequest:call:DONE
2020-06-16 17:19:03,336 DEBUG - 10.291ms,commonrequest:getBlockNumber:DONE
2020-06-16 17:19:03,391 DEBUG - 48.761ms,commonrequest:call:DONE
2020-06-16 17:19:14,487 DEBUG - 15.941ms,commonrequest:getBlockNumber:DONE
2020-06-16 17:19:14,541 DEBUG - 46.668ms,commonrequest:call:DONE
2020-06-16 17:22:21,223 DEBUG - 9.885ms,commonrequest:getBlockNumber:DONE
2020-06-16 17:22:21,246 DEBUG - 15.854ms,commonrequest:call:DONE
2020-06-16 17:24:28,840 DEBUG - 9.685ms,commonrequest:getBlockNumber:DONE
2020-06-16 17:24:28,860 DEBUG - 12.422ms,commonrequest:call:DONE
2020-06-16 17:28:31,679 DEBUG - 12.660ms,commonrequest:getBlockNumber:DONE
2020-06-16 17:28:31,707 DEBUG - 20.109ms,commonrequest:call:DONE
2020-06-16 17:31:10,396 DEBUG - 13.741ms,commonrequest:getBlockNumber:DONE
2020-06-16 17:31:10,418 DEBUG - 15.291ms,commonrequest:call:DONE
2020-06-16 17:35:04,094 DEBUG - 15.501ms,commonrequest:getBlockNumber:DONE
2020-06-16 17:35:04,114 DEBUG - 11.644ms,commonrequest:call:DONE
2020-06-16 17:35:15,859 DEBUG - 13.173ms,commonrequest:getBlockNumber:DONE
2020-06-16 17:35:15,876 DEBUG - 10.335ms,commonrequest:call:DONE
2020-06-16 17:35:22,904 DEBUG - 14.110ms,commonrequest:getBlockNumber:DONE
2020-06-16 17:35:22,923 DEBUG - 12.545ms,commonrequest:call:DONE
2020-06-16 17:41:56,323 DEBUG - 14.501ms,commonrequest:getBlockNumber:DONE
2020-06-16 17:41:56,340 DEBUG - 13.568ms,commonrequest:call:DONE
2020-06-16 17:42:00,651 DEBUG - 16.675ms,commonrequest:getBlockNumber:DONE
2020-06-16 17:42:00,673 DEBUG - 13.947ms,commonrequest:call:DONE
2020-06-16 17:46:37,766 DEBUG - 16.105ms,commonrequest:getBlockNumber:DONE
2020-06-16 17:46:37,788 DEBUG - 15.920ms,commonrequest:call:DONE
2020-06-16 17:48:57,043 DEBUG - 15.596ms,commonrequest:getBlockNumber:DONE
2020-06-16 17:48:57,060 DEBUG - 10.612ms,commonrequest:call:DONE
2020-06-16 17:49:01,772 DEBUG - 14.838ms,commonrequest:getBlockNumber:DONE
2020-06-16 17:49:01,794 DEBUG - 14.671ms,commonrequest:call:DONE
2020-06-16 17:49:24,064 DEBUG - 15.587ms,commonrequest:getBlockNumber:DONE
2020-06-16 17:49:24,084 DEBUG - 12.333ms,commonrequest:call:DONE
2020-06-16 17:53:43,791 DEBUG - 13.848ms,commonrequest:getBlockNumber:DONE
2020-06-16 17:53:43,808 DEBUG - 13.765ms,commonrequest:call:DONE
2020-06-16 17:56:07,415 DEBUG - 17.223ms,commonrequest:getBlockNumber:DONE
2020-06-16 17:56:07,434 DEBUG - 12.873ms,commonrequest:call:DONE
2020-06-16 17:56:14,381 DEBUG - 14.100ms,commonrequest:getBlockNumber:DONE
2020-06-16 17:56:14,434 DEBUG - 45.100ms,commonrequest:call:DONE
2020-06-16 18:03:13,714 DEBUG - 3.809ms,commonrequest:getBlockNumber:DONE
2020-06-16 18:03:13,739 DEBUG - 12.573ms,commonrequest:call:DONE
2020-06-16 18:04:25,750 DEBUG - 4.669ms,commonrequest:getBlockNumber:DONE
2020-06-16 18:04:25,773 DEBUG - 14.676ms,commonrequest:call:DONE
2020-06-16 18:05:05,009 DEBUG - 4.125ms,commonrequest:getBlockNumber:DONE
2020-06-16 18:05:05,029 DEBUG - 11.395ms,commonrequest:call:DONE
2020-06-16 18:05:11,767 DEBUG - 5.082ms,commonrequest:getBlockNumber:DONE
2020-06-16 18:05:11,785 DEBUG - 12.447ms,commonrequest:call:DONE
2020-06-16 18:06:20,902 DEBUG - 5.771ms,commonrequest:getBlockNumber:DONE
2020-06-16 18:06:20,959 DEBUG - 50.951ms,commonrequest:call:DONE
2020-06-16 18:06:57,251 DEBUG - 6.415ms,commonrequest:getBlockNumber:DONE
2020-06-16 18:06:57,268 DEBUG - 10.638ms,commonrequest:call:DONE
2020-06-16 18:07:58,465 DEBUG - 6.328ms,commonrequest:getBlockNumber:DONE
2020-06-16 18:07:58,485 DEBUG - 13.836ms,commonrequest:call:DONE
2020-06-16 18:08:42,617 DEBUG - 4.170ms,commonrequest:getBlockNumber:DONE
2020-06-16 18:08:42,639 DEBUG - 13.705ms,commonrequest:call:DONE
2020-06-16 18:10:37,431 DEBUG - 4.222ms,commonrequest:getBlockNumber:DONE
2020-06-16 18:10:37,448 DEBUG - 11.961ms,commonrequest:call:DONE
2020-06-16 18:11:27,583 DEBUG - 4.768ms,commonrequest:getBlockNumber:DONE
2020-06-16 18:11:27,613 DEBUG - 23.735ms,commonrequest:call:DONE
2020-06-16 18:13:17,610 DEBUG - 4.216ms,commonrequest:getBlockNumber:DONE
2020-06-16 18:13:17,632 DEBUG - 13.597ms,commonrequest:call:DONE
2020-06-16 18:13:30,142 DEBUG - 4.687ms,commonrequest:getBlockNumber:DONE
2020-06-16 18:13:30,163 DEBUG - 13.476ms,commonrequest:call:DONE
2020-06-16 18:13:51,392 DEBUG - 3.967ms,commonrequest:getBlockNumber:DONE
2020-06-16 18:13:51,416 DEBUG - 14.411ms,commonrequest:call:DONE
2020-06-16 18:14:16,029 DEBUG - 3.942ms,commonrequest:getBlockNumber:DONE
2020-06-16 18:14:16,052 DEBUG - 13.675ms,commonrequest:call:DONE
2020-06-16 18:18:39,033 DEBUG - 4.210ms,commonrequest:getBlockNumber:DONE
2020-06-16 18:18:39,060 DEBUG - 18.264ms,commonrequest:call:DONE
2020-06-16 18:20:46,363 DEBUG - 4.083ms,commonrequest:getBlockNumber:DONE
2020-06-16 18:20:46,385 DEBUG - 14.856ms,commonrequest:call:DONE
2020-06-16 18:21:00,120 DEBUG - 4.379ms,commonrequest:getBlockNumber:DONE
2020-06-16 18:21:00,138 DEBUG - 10.351ms,commonrequest:call:DONE
2020-06-16 18:24:09,153 DEBUG - 5.313ms,commonrequest:getBlockNumber:DONE
2020-06-16 18:25:57,469 DEBUG - 4.221ms,commonrequest:getBlockNumber:DONE
2020-06-16 18:25:57,501 DEBUG - 23.354ms,commonrequest:call:DONE
2020-06-16 18:31:29,386 DEBUG - 4.124ms,commonrequest:getBlockNumber:DONE
2020-06-16 18:31:29,416 DEBUG - 21.059ms,commonrequest:call:DONE
2020-06-16 18:32:39,799 DEBUG - 5.063ms,commonrequest:getBlockNumber:DONE
2020-06-16 18:32:39,820 DEBUG - 13.597ms,commonrequest:call:DONE
2020-06-16 18:35:13,241 DEBUG - 4.230ms,commonrequest:getBlockNumber:DONE
2020-06-16 18:35:13,262 DEBUG - 12.108ms,commonrequest:call:DONE
2020-06-16 18:35:31,777 DEBUG - 4.722ms,commonrequest:getBlockNumber:DONE
2020-06-16 18:35:31,800 DEBUG - 13.689ms,commonrequest:call:DONE
2020-06-16 18:35:42,405 DEBUG - 4.452ms,commonrequest:getBlockNumber:DONE
2020-06-16 18:35:42,429 DEBUG - 16.919ms,commonrequest:call:DONE
2020-06-16 18:35:47,889 DEBUG - 5.267ms,commonrequest:getBlockNumber:DONE
2020-06-16 18:35:47,910 DEBUG - 13.508ms,commonrequest:call:DONE
2020-06-16 18:36:30,463 DEBUG - 5.630ms,commonrequest:getBlockNumber:DONE
2020-06-16 18:36:30,482 DEBUG - 10.811ms,commonrequest:call:DONE
2020-06-16 18:41:19,578 DEBUG - 5.208ms,commonrequest:getBlockNumber:DONE
2020-06-16 18:41:19,633 DEBUG - 48.867ms,commonrequest:call:DONE
2020-06-16 18:44:21,395 DEBUG - 5.929ms,commonrequest:getBlockNumber:DONE
2020-06-16 18:44:21,747 DEBUG - 333.516ms,commonrequest:sendRawTransaction:DONE
2020-06-16 18:44:21,759 DEBUG - 11.469ms,commonrequest:getTransactionByHash:DONE
2020-06-16 18:44:51,003 DEBUG - 5.030ms,commonrequest:getBlockNumber:DONE
2020-06-16 18:44:51,020 DEBUG - 10.512ms,commonrequest:call:DONE
2020-06-16 18:46:02,379 DEBUG - 7.297ms,commonrequest:getBlockNumber:DONE
2020-06-16 18:46:02,397 DEBUG - 9.720ms,commonrequest:call:DONE
2020-06-16 18:46:21,061 DEBUG - 5.976ms,commonrequest:getBlockNumber:DONE
2020-06-16 18:46:21,076 DEBUG - 7.292ms,commonrequest:call:DONE
2020-06-16 18:48:15,499 DEBUG - 6.765ms,commonrequest:getBlockNumber:DONE
2020-06-16 18:48:15,516 DEBUG - 9.228ms,commonrequest:call:DONE
2020-06-16 18:49:08,175 DEBUG - 6.919ms,commonrequest:getBlockNumber:DONE
2020-06-16 18:49:08,191 DEBUG - 10.321ms,commonrequest:call:DONE
2020-06-16 18:49:59,132 DEBUG - 7.126ms,commonrequest:getBlockNumber:DONE
2020-06-16 18:49:59,146 DEBUG - 8.689ms,commonrequest:call:DONE
2020-06-16 18:50:34,738 DEBUG - 8.554ms,commonrequest:getBlockNumber:DONE
2020-06-16 18:50:34,759 DEBUG - 12.006ms,commonrequest:call:DONE
2020-06-16 18:54:42,825 DEBUG - 6.766ms,commonrequest:getBlockNumber:DONE
2020-06-16 18:54:42,841 DEBUG - 10.005ms,commonrequest:call:DONE
2020-06-16 18:54:54,062 DEBUG - 9.548ms,commonrequest:getBlockNumber:DONE
2020-06-16 18:54:54,086 DEBUG - 15.453ms,commonrequest:call:DONE
2020-06-16 18:58:24,213 DEBUG - 8.815ms,commonrequest:getBlockNumber:DONE
2020-06-16 18:58:24,232 DEBUG - 10.233ms,commonrequest:call:DONE
2020-06-16 18:58:40,887 DEBUG - 9.331ms,commonrequest:getBlockNumber:DONE
2020-06-16 18:58:40,906 DEBUG - 12.786ms,commonrequest:call:DONE
2020-06-16 19:00:29,000 DEBUG - 8.421ms,commonrequest:getBlockNumber:DONE
2020-06-16 19:00:29,022 DEBUG - 13.531ms,commonrequest:call:DONE
2020-06-16 19:02:22,418 DEBUG - 9.212ms,commonrequest:getBlockNumber:DONE
2020-06-16 19:02:22,440 DEBUG - 13.140ms,commonrequest:call:DONE
2020-06-16 19:02:40,688 DEBUG - 9.649ms,commonrequest:getBlockNumber:DONE
2020-06-16 19:02:40,712 DEBUG - 15.278ms,commonrequest:call:DONE
2020-06-16 19:04:21,404 DEBUG - 8.632ms,commonrequest:getBlockNumber:DONE
2020-06-16 19:04:21,463 DEBUG - 52.754ms,commonrequest:call:DONE
2020-06-16 19:06:16,259 DEBUG - 10.460ms,commonrequest:getBlockNumber:DONE
2020-06-16 19:06:16,304 DEBUG - 39.654ms,commonrequest:call:DONE
2020-06-16 19:06:21,505 DEBUG - 9.609ms,commonrequest:getBlockNumber:DONE
2020-06-16 19:06:21,604 DEBUG - 91.116ms,commonrequest:call:DONE
2020-06-16 19:06:36,585 DEBUG - 10.196ms,commonrequest:getBlockNumber:DONE
2020-06-16 19:06:36,607 DEBUG - 12.986ms,commonrequest:call:DONE
2020-06-16 19:09:08,775 DEBUG - 10.318ms,commonrequest:getBlockNumber:DONE
2020-06-16 19:09:08,831 DEBUG - 47.654ms,commonrequest:call:DONE
2020-06-16 19:09:42,747 DEBUG - 11.915ms,commonrequest:getBlockNumber:DONE
2020-06-16 19:09:42,766 DEBUG - 12.820ms,commonrequest:call:DONE
2020-06-16 19:11:09,514 DEBUG - 10.028ms,commonrequest:getBlockNumber:DONE
2020-06-16 19:11:09,546 DEBUG - 22.561ms,commonrequest:call:DONE
2020-06-16 19:11:45,422 DEBUG - 12.513ms,commonrequest:getBlockNumber:DONE
2020-06-16 19:11:45,443 DEBUG - 12.829ms,commonrequest:call:DONE
2020-06-16 19:13:53,563 DEBUG - 17.698ms,commonrequest:getBlockNumber:DONE
2020-06-16 19:13:53,584 DEBUG - 12.599ms,commonrequest:call:DONE
2020-06-16 19:19:21,846 DEBUG - 12.768ms,commonrequest:getBlockNumber:DONE
2020-06-16 19:19:21,870 DEBUG - 15.067ms,commonrequest:call:DONE
2020-06-16 19:20:00,786 DEBUG - 11.133ms,commonrequest:getBlockNumber:DONE
2020-06-16 19:20:00,804 DEBUG - 11.178ms,commonrequest:call:DONE
2020-06-16 19:20:24,732 DEBUG - 14.778ms,commonrequest:getBlockNumber:DONE
2020-06-16 19:20:24,761 DEBUG - 20.028ms,commonrequest:call:DONE
2020-06-16 19:21:53,828 DEBUG - 14.256ms,commonrequest:getBlockNumber:DONE
2020-06-16 19:21:53,851 DEBUG - 14.829ms,commonrequest:call:DONE
2020-06-16 19:22:04,090 DEBUG - 13.697ms,commonrequest:getBlockNumber:DONE
2020-06-16 19:22:04,113 DEBUG - 13.408ms,commonrequest:call:DONE
2020-06-16 19:22:14,169 DEBUG - 12.480ms,commonrequest:getBlockNumber:DONE
2020-06-16 19:22:14,191 DEBUG - 12.841ms,commonrequest:call:DONE
2020-06-16 19:22:20,489 DEBUG - 14.662ms,commonrequest:getBlockNumber:DONE
2020-06-16 19:22:20,508 DEBUG - 10.777ms,commonrequest:call:DONE
2020-06-16 19:27:28,973 DEBUG - 13.530ms,commonrequest:getBlockNumber:DONE
2020-06-16 19:27:28,996 DEBUG - 15.648ms,commonrequest:call:DONE
2020-06-17 09:13:48,017 DEBUG - 35.477ms,commonrequest:getBlockNumber:DONE
2020-06-17 09:13:48,075 DEBUG - 52.216ms,commonrequest:call:DONE
2020-06-17 09:21:27,105 DEBUG - 35.547ms,commonrequest:getBlockNumber:DONE
2020-06-17 09:21:27,163 DEBUG - 49.646ms,commonrequest:call:DONE
2020-06-17 09:22:35,138 DEBUG - 35.789ms,commonrequest:getBlockNumber:DONE
2020-06-17 09:22:35,197 DEBUG - 51.399ms,commonrequest:call:DONE
2020-06-17 09:23:22,982 DEBUG - 36.711ms,commonrequest:getBlockNumber:DONE
2020-06-17 09:23:23,038 DEBUG - 48.109ms,commonrequest:call:DONE
2020-06-17 09:32:54,140 DEBUG - 26.057ms,commonrequest:getBlockNumber:DONE
2020-06-17 09:32:54,199 DEBUG - 47.940ms,commonrequest:call:DONE
2020-06-17 09:33:34,453 DEBUG - 26.121ms,commonrequest:getBlockNumber:DONE
2020-06-17 09:33:34,511 DEBUG - 48.190ms,commonrequest:call:DONE
2020-06-17 09:36:14,635 DEBUG - 26.727ms,commonrequest:getBlockNumber:DONE
2020-06-17 09:36:14,694 DEBUG - 50.883ms,commonrequest:call:DONE
2020-06-17 09:36:36,544 DEBUG - 26.980ms,commonrequest:getBlockNumber:DONE
2020-06-17 09:36:36,604 DEBUG - 51.489ms,commonrequest:call:DONE
2020-06-17 09:38:26,151 DEBUG - 27.056ms,commonrequest:getBlockNumber:DONE
2020-06-17 09:38:26,220 DEBUG - 60.073ms,commonrequest:call:DONE
2020-06-17 09:49:12,674 DEBUG - 25.805ms,commonrequest:getBlockNumber:DONE
2020-06-17 09:49:12,729 DEBUG - 47.481ms,commonrequest:call:DONE
2020-06-17 09:54:07,355 DEBUG - 27.774ms,commonrequest:getBlockNumber:DONE
2020-06-17 09:54:07,412 DEBUG - 48.122ms,commonrequest:call:DONE
2020-06-17 09:54:31,046 DEBUG - 28.433ms,commonrequest:getBlockNumber:DONE
2020-06-17 09:54:31,104 DEBUG - 49.372ms,commonrequest:call:DONE
2020-06-17 09:57:59,628 DEBUG - 28.182ms,commonrequest:getBlockNumber:DONE
2020-06-17 09:57:59,689 DEBUG - 50.428ms,commonrequest:call:DONE
2020-06-17 09:58:22,305 DEBUG - 28.398ms,commonrequest:getBlockNumber:DONE
2020-06-17 09:58:22,361 DEBUG - 47.567ms,commonrequest:call:DONE
2020-06-17 10:00:45,937 DEBUG - 25.471ms,commonrequest:getBlockNumber:DONE
2020-06-17 10:00:46,005 DEBUG - 55.837ms,commonrequest:call:DONE
2020-06-17 10:01:46,001 DEBUG - 25.661ms,commonrequest:getBlockNumber:DONE
2020-06-17 10:01:46,058 DEBUG - 48.288ms,commonrequest:call:DONE
2020-06-17 10:03:33,475 DEBUG - 25.527ms,commonrequest:getBlockNumber:DONE
2020-06-17 10:03:33,533 DEBUG - 48.016ms,commonrequest:call:DONE
2020-06-17 10:04:29,626 DEBUG - 27.323ms,commonrequest:getBlockNumber:DONE
2020-06-17 10:04:29,690 DEBUG - 54.424ms,commonrequest:call:DONE
2020-06-17 10:04:49,998 DEBUG - 26.048ms,commonrequest:getBlockNumber:DONE
2020-06-17 10:04:50,066 DEBUG - 61.738ms,commonrequest:call:DONE
2020-06-17 10:04:53,304 DEBUG - 27.538ms,commonrequest:getBlockNumber:DONE
2020-06-17 10:04:53,360 DEBUG - 46.917ms,commonrequest:call:DONE
2020-06-17 10:05:29,625 DEBUG - 26.092ms,commonrequest:getBlockNumber:DONE
2020-06-17 10:05:29,681 DEBUG - 43.425ms,commonrequest:call:DONE
2020-06-17 10:06:05,430 DEBUG - 26.596ms,commonrequest:getBlockNumber:DONE
2020-06-17 10:06:05,491 DEBUG - 52.386ms,commonrequest:call:DONE
2020-06-17 10:07:03,485 DEBUG - 39.540ms,commonrequest:getBlockNumber:DONE
2020-06-17 10:07:03,541 DEBUG - 48.352ms,commonrequest:call:DONE
2020-06-17 10:07:26,527 DEBUG - 48.733ms,commonrequest:getBlockNumber:DONE
2020-06-17 10:07:26,583 DEBUG - 47.056ms,commonrequest:call:DONE
2020-06-17 10:07:44,341 DEBUG - 26.407ms,commonrequest:getBlockNumber:DONE
2020-06-17 10:07:44,398 DEBUG - 49.281ms,commonrequest:call:DONE
2020-06-17 10:07:46,409 DEBUG - 27.439ms,commonrequest:getBlockNumber:DONE
2020-06-17 10:07:46,460 DEBUG - 41.592ms,commonrequest:call:DONE
2020-06-17 10:07:55,164 DEBUG - 26.867ms,commonrequest:getBlockNumber:DONE
2020-06-17 10:07:55,219 DEBUG - 46.458ms,commonrequest:call:DONE
2020-06-17 10:08:47,322 DEBUG - 28.203ms,commonrequest:getBlockNumber:DONE
2020-06-17 10:08:47,377 DEBUG - 44.463ms,commonrequest:call:DONE
2020-06-17 10:09:53,572 DEBUG - 27.804ms,commonrequest:getBlockNumber:DONE
2020-06-17 10:09:53,632 DEBUG - 51.910ms,commonrequest:call:DONE
2020-06-17 10:09:57,280 DEBUG - 28.489ms,commonrequest:getBlockNumber:DONE
2020-06-17 10:09:57,351 DEBUG - 61.993ms,commonrequest:call:DONE
2020-06-17 10:10:47,550 DEBUG - 29.892ms,commonrequest:getBlockNumber:DONE
2020-06-17 10:10:47,607 DEBUG - 45.435ms,commonrequest:call:DONE
2020-06-17 10:10:50,693 DEBUG - 28.816ms,commonrequest:getBlockNumber:DONE
2020-06-17 10:10:50,749 DEBUG - 47.810ms,commonrequest:call:DONE
2020-06-17 10:10:59,361 DEBUG - 28.718ms,commonrequest:getBlockNumber:DONE
2020-06-17 10:10:59,417 DEBUG - 47.594ms,commonrequest:call:DONE
2020-06-17 10:11:09,903 DEBUG - 29.455ms,commonrequest:getBlockNumber:DONE
2020-06-17 10:11:09,964 DEBUG - 54.543ms,commonrequest:call:DONE
2020-06-17 10:11:24,834 DEBUG - 36.019ms,commonrequest:getBlockNumber:DONE
2020-06-17 10:11:24,896 DEBUG - 55.986ms,commonrequest:call:DONE
2020-06-17 10:12:13,390 DEBUG - 31.513ms,commonrequest:getBlockNumber:DONE
2020-06-17 10:12:13,997 DEBUG - 585.814ms,commonrequest:sendRawTransaction:DONE
2020-06-17 10:12:14,023 DEBUG - 25.374ms,commonrequest:getTransactionByHash:DONE
2020-06-17 10:12:21,564 DEBUG - 28.253ms,commonrequest:getBlockNumber:DONE
2020-06-17 10:12:21,616 DEBUG - 40.458ms,commonrequest:call:DONE
2020-06-17 10:12:47,781 DEBUG - 29.976ms,commonrequest:getBlockNumber:DONE
2020-06-17 10:12:47,840 DEBUG - 49.218ms,commonrequest:call:DONE
2020-06-17 10:12:55,867 DEBUG - 30.911ms,commonrequest:getBlockNumber:DONE
2020-06-17 10:12:55,922 DEBUG - 48.063ms,commonrequest:call:DONE
2020-06-17 10:13:36,361 DEBUG - 32.027ms,commonrequest:getBlockNumber:DONE
2020-06-17 10:13:36,417 DEBUG - 50.741ms,commonrequest:call:DONE
2020-06-17 10:14:21,598 DEBUG - 31.170ms,commonrequest:getBlockNumber:DONE
2020-06-17 10:14:21,712 DEBUG - 98.560ms,commonrequest:sendRawTransaction:DONE
2020-06-17 10:14:21,737 DEBUG - 24.250ms,commonrequest:getTransactionByHash:DONE
2020-06-17 10:14:34,497 DEBUG - 31.914ms,commonrequest:getBlockNumber:DONE
2020-06-17 10:14:34,660 DEBUG - 148.065ms,commonrequest:sendRawTransaction:DONE
2020-06-17 10:14:34,687 DEBUG - 26.078ms,commonrequest:getTransactionByHash:DONE
2020-06-17 10:15:06,548 DEBUG - 32.440ms,commonrequest:getBlockNumber:DONE
2020-06-17 10:15:06,605 DEBUG - 51.823ms,commonrequest:call:DONE
2020-06-17 10:16:10,131 DEBUG - 34.168ms,commonrequest:getBlockNumber:DONE
2020-06-17 10:16:10,189 DEBUG - 48.149ms,commonrequest:call:DONE
2020-06-17 10:18:00,128 DEBUG - 33.931ms,commonrequest:getBlockNumber:DONE
2020-06-17 10:18:00,231 DEBUG - 97.091ms,commonrequest:call:DONE
2020-06-17 10:18:32,554 DEBUG - 32.439ms,commonrequest:getBlockNumber:DONE
2020-06-17 10:18:32,613 DEBUG - 52.362ms,commonrequest:call:DONE
2020-06-17 10:19:54,245 DEBUG - 32.631ms,commonrequest:getBlockNumber:DONE
2020-06-17 10:19:54,303 DEBUG - 53.065ms,commonrequest:call:DONE
2020-06-17 10:22:17,580 DEBUG - 33.883ms,commonrequest:getBlockNumber:DONE
2020-06-17 10:22:17,637 DEBUG - 35.778ms,commonrequest:call:DONE
2020-06-17 10:24:29,394 DEBUG - 34.454ms,commonrequest:getBlockNumber:DONE
2020-06-17 10:24:29,451 DEBUG - 51.244ms,commonrequest:call:DONE
2020-06-17 10:24:35,236 DEBUG - 33.936ms,commonrequest:getBlockNumber:DONE
2020-06-17 10:24:35,294 DEBUG - 52.057ms,commonrequest:call:DONE
2020-06-17 10:27:14,610 DEBUG - 33.013ms,commonrequest:getBlockNumber:DONE
2020-06-17 10:27:14,671 DEBUG - 53.361ms,commonrequest:call:DONE
2020-06-17 10:28:40,296 DEBUG - 33.360ms,commonrequest:getBlockNumber:DONE
2020-06-17 10:28:40,355 DEBUG - 53.036ms,commonrequest:call:DONE
2020-06-17 10:28:44,236 DEBUG - 33.785ms,commonrequest:getBlockNumber:DONE
2020-06-17 10:28:44,296 DEBUG - 51.657ms,commonrequest:call:DONE
2020-06-17 10:30:28,010 DEBUG - 35.129ms,commonrequest:getBlockNumber:DONE
2020-06-17 10:30:28,072 DEBUG - 56.822ms,commonrequest:call:DONE
2020-06-17 10:30:36,080 DEBUG - 34.989ms,commonrequest:getBlockNumber:DONE
2020-06-17 10:30:36,139 DEBUG - 53.075ms,commonrequest:call:DONE
2020-06-17 10:30:52,976 DEBUG - 34.928ms,commonrequest:getBlockNumber:DONE
2020-06-17 10:30:53,034 DEBUG - 50.407ms,commonrequest:call:DONE
2020-06-17 10:32:00,411 DEBUG - 35.525ms,commonrequest:getBlockNumber:DONE
2020-06-17 10:32:00,468 DEBUG - 46.688ms,commonrequest:call:DONE
2020-06-17 10:32:40,182 DEBUG - 34.726ms,commonrequest:getBlockNumber:DONE
2020-06-17 10:32:40,295 DEBUG - 98.084ms,commonrequest:sendRawTransaction:DONE
2020-06-17 10:32:40,323 DEBUG - 27.043ms,commonrequest:getTransactionByHash:DONE
2020-06-17 10:32:55,617 DEBUG - 37.357ms,commonrequest:getBlockNumber:DONE
2020-06-17 10:32:55,673 DEBUG - 51.613ms,commonrequest:call:DONE
2020-06-17 10:33:23,143 DEBUG - 36.904ms,commonrequest:getBlockNumber:DONE
2020-06-17 10:33:23,451 DEBUG - 291.421ms,commonrequest:sendRawTransaction:DONE
2020-06-17 10:33:23,478 DEBUG - 26.014ms,commonrequest:getTransactionByHash:DONE
2020-06-17 10:33:33,836 DEBUG - 37.791ms,commonrequest:getBlockNumber:DONE
2020-06-17 10:33:33,895 DEBUG - 51.563ms,commonrequest:call:DONE
2020-06-17 10:33:41,050 DEBUG - 38.511ms,commonrequest:getBlockNumber:DONE
2020-06-17 10:33:41,109 DEBUG - 53.018ms,commonrequest:call:DONE
2020-06-17 10:33:58,214 DEBUG - 39.924ms,commonrequest:getBlockNumber:DONE
2020-06-17 10:33:58,275 DEBUG - 55.187ms,commonrequest:call:DONE
2020-06-17 10:35:14,287 DEBUG - 37.493ms,commonrequest:getBlockNumber:DONE
2020-06-17 10:35:14,391 DEBUG - 94.817ms,commonrequest:call:DONE
2020-06-17 10:35:32,188 DEBUG - 37.686ms,commonrequest:getBlockNumber:DONE
2020-06-17 10:35:32,242 DEBUG - 48.533ms,commonrequest:call:DONE
2020-06-17 10:36:22,193 DEBUG - 26.702ms,commonrequest:getBlockNumber:DONE
2020-06-17 10:36:22,247 DEBUG - 43.909ms,commonrequest:call:DONE
2020-06-17 10:40:02,258 DEBUG - 26.975ms,commonrequest:getBlockNumber:DONE
2020-06-17 10:40:02,321 DEBUG - 53.598ms,commonrequest:call:DONE
2020-06-17 10:40:47,180 DEBUG - 25.442ms,commonrequest:getBlockNumber:DONE
2020-06-17 10:40:47,241 DEBUG - 53.330ms,commonrequest:call:DONE
2020-06-17 10:44:31,461 DEBUG - 24.849ms,commonrequest:getBlockNumber:DONE
2020-06-17 10:44:31,562 DEBUG - 90.423ms,commonrequest:call:DONE
2020-06-17 10:44:33,357 DEBUG - 25.748ms,commonrequest:getBlockNumber:DONE
2020-06-17 10:44:33,411 DEBUG - 45.244ms,commonrequest:call:DONE
2020-06-17 10:46:24,634 DEBUG - 25.736ms,commonrequest:getBlockNumber:DONE
2020-06-17 10:46:24,691 DEBUG - 45.912ms,commonrequest:call:DONE
2020-06-17 10:48:20,808 DEBUG - 25.144ms,commonrequest:getBlockNumber:DONE
2020-06-17 10:48:20,861 DEBUG - 40.358ms,commonrequest:call:DONE
2020-06-17 10:49:25,536 DEBUG - 25.622ms,commonrequest:getBlockNumber:DONE
2020-06-17 10:49:25,645 DEBUG - 98.503ms,commonrequest:call:DONE
2020-06-17 10:52:10,605 DEBUG - 26.097ms,commonrequest:getBlockNumber:DONE
2020-06-17 10:52:10,665 DEBUG - 50.940ms,commonrequest:call:DONE
2020-06-17 10:53:05,805 DEBUG - 25.516ms,commonrequest:getBlockNumber:DONE
2020-06-17 10:53:05,862 DEBUG - 47.835ms,commonrequest:call:DONE
2020-06-17 10:53:50,511 DEBUG - 25.757ms,commonrequest:getBlockNumber:DONE
2020-06-17 10:53:50,568 DEBUG - 48.348ms,commonrequest:call:DONE
2020-06-17 10:54:28,595 DEBUG - 25.820ms,commonrequest:getBlockNumber:DONE
2020-06-17 10:54:28,651 DEBUG - 48.284ms,commonrequest:call:DONE
2020-06-17 10:56:22,345 DEBUG - 5.815ms,commonrequest:getBlockNumber:DONE
2020-06-17 10:56:22,364 DEBUG - 11.851ms,commonrequest:call:DONE
2020-06-17 10:59:42,796 DEBUG - 5.581ms,commonrequest:getBlockNumber:DONE
2020-06-17 10:59:42,817 DEBUG - 12.636ms,commonrequest:call:DONE
2020-06-17 11:02:27,557 DEBUG - 9.176ms,commonrequest:getBlockNumber:DONE
2020-06-17 11:02:27,580 DEBUG - 14.939ms,commonrequest:call:DONE
2020-06-17 11:05:37,342 DEBUG - 6.742ms,commonrequest:getBlockNumber:DONE
2020-06-17 11:05:37,366 DEBUG - 15.471ms,commonrequest:call:DONE
2020-06-17 11:08:01,352 DEBUG - 6.649ms,commonrequest:getBlockNumber:DONE
2020-06-17 11:08:01,375 DEBUG - 14.381ms,commonrequest:call:DONE
2020-06-17 11:21:12,888 DEBUG - 6.934ms,commonrequest:getBlockNumber:DONE
2020-06-17 11:21:12,910 DEBUG - 15.544ms,commonrequest:call:DONE
2020-06-17 11:21:41,587 DEBUG - 6.988ms,commonrequest:getBlockNumber:DONE
2020-06-17 11:21:41,613 DEBUG - 17.986ms,commonrequest:call:DONE
2020-06-17 11:21:50,810 DEBUG - 7.592ms,commonrequest:getBlockNumber:DONE
2020-06-17 11:21:50,831 DEBUG - 14.683ms,commonrequest:call:DONE
2020-06-17 11:22:23,232 DEBUG - 6.221ms,commonrequest:getBlockNumber:DONE
2020-06-17 11:22:23,253 DEBUG - 13.600ms,commonrequest:call:DONE
2020-06-17 11:23:35,109 DEBUG - 6.574ms,commonrequest:getBlockNumber:DONE
2020-06-17 11:23:35,133 DEBUG - 16.099ms,commonrequest:call:DONE
2020-06-17 11:24:22,806 DEBUG - 37.470ms,commonrequest:getBlockNumber:DONE
2020-06-17 11:24:22,832 DEBUG - 19.309ms,commonrequest:call:DONE
2020-06-17 11:25:25,011 DEBUG - 9.447ms,commonrequest:getBlockNumber:DONE
2020-06-17 11:25:25,040 DEBUG - 21.337ms,commonrequest:call:DONE
2020-06-17 11:25:47,573 DEBUG - 8.762ms,commonrequest:getBlockNumber:DONE
2020-06-17 11:25:47,592 DEBUG - 11.803ms,commonrequest:call:DONE
2020-06-17 11:26:46,100 DEBUG - 9.003ms,commonrequest:getBlockNumber:DONE
2020-06-17 11:26:46,122 DEBUG - 15.938ms,commonrequest:call:DONE
2020-06-17 11:26:52,147 DEBUG - 15.012ms,commonrequest:getBlockNumber:DONE
2020-06-17 11:27:22,845 DEBUG - 11.271ms,commonrequest:getBlockNumber:DONE
2020-06-17 13:06:24,565 DEBUG - 9.078ms,commonrequest:getBlockNumber:DONE
2020-06-17 13:06:24,583 DEBUG - 11.480ms,commonrequest:call:DONE
2020-06-17 13:06:42,985 DEBUG - 8.552ms,commonrequest:getBlockNumber:DONE
2020-06-17 13:06:43,045 DEBUG - 53.240ms,commonrequest:call:DONE
2020-06-17 13:09:48,546 DEBUG - 8.553ms,commonrequest:getBlockNumber:DONE
2020-06-17 13:09:48,568 DEBUG - 15.747ms,commonrequest:call:DONE
2020-06-17 13:10:30,635 DEBUG - 8.888ms,commonrequest:getBlockNumber:DONE
2020-06-17 13:10:30,656 DEBUG - 14.771ms,commonrequest:call:DONE
2020-06-17 13:10:33,954 DEBUG - 11.639ms,commonrequest:getBlockNumber:DONE
2020-06-17 13:10:33,975 DEBUG - 12.511ms,commonrequest:call:DONE
2020-06-17 13:13:03,626 DEBUG - 11.833ms,commonrequest:getBlockNumber:DONE
2020-06-17 13:13:03,651 DEBUG - 16.811ms,commonrequest:call:DONE
2020-06-17 13:34:39,857 DEBUG - 4.230ms,commonrequest:getBlockNumber:DONE
2020-06-17 13:34:39,882 DEBUG - 15.816ms,commonrequest:call:DONE
2020-06-17 13:34:48,638 DEBUG - 4.979ms,commonrequest:getBlockNumber:DONE
2020-06-17 13:34:48,662 DEBUG - 14.679ms,commonrequest:call:DONE
2020-06-17 13:57:18,624 DEBUG - 4.380ms,commonrequest:getBlockNumber:DONE
2020-06-17 13:57:18,644 DEBUG - 13.000ms,commonrequest:call:DONE
2020-06-17 14:00:27,695 DEBUG - 5.288ms,commonrequest:getBlockNumber:DONE
2020-06-17 14:00:28,123 DEBUG - 410.638ms,commonrequest:sendRawTransaction:DONE
2020-06-17 14:00:28,128 DEBUG - 3.765ms,commonrequest:getTransactionByHash:DONE
2020-06-17 14:00:37,701 DEBUG - 5.549ms,commonrequest:getBlockNumber:DONE
2020-06-17 14:00:37,804 DEBUG - 86.143ms,commonrequest:sendRawTransaction:DONE
2020-06-17 14:00:37,812 DEBUG - 7.890ms,commonrequest:getTransactionByHash:DONE
2020-06-17 14:31:41,854 DEBUG - 3.839ms,commonrequest:getBlockNumber:DONE
2020-06-17 14:31:41,987 DEBUG - 112.380ms,commonrequest:sendRawTransaction:DONE
2020-06-17 14:31:41,995 DEBUG - 6.346ms,commonrequest:getTransactionByHash:DONE
2020-06-17 14:39:37,084 DEBUG - 3.119ms,commonrequest:getBlockNumber:DONE
2020-06-17 14:42:06,824 DEBUG - 4.012ms,commonrequest:getBlockNumber:DONE
2020-06-17 14:42:07,315 DEBUG - 474.193ms,commonrequest:sendRawTransaction:DONE
2020-06-17 14:42:07,322 DEBUG - 5.176ms,commonrequest:getTransactionByHash:DONE
2020-06-17 14:43:45,850 DEBUG - 4.398ms,commonrequest:getBlockNumber:DONE
2020-06-17 14:43:45,878 DEBUG - 19.273ms,commonrequest:call:DONE
2020-06-17 14:46:08,599 DEBUG - 6.091ms,commonrequest:getBlockNumber:DONE
2020-06-17 14:46:08,623 DEBUG - 14.747ms,commonrequest:call:DONE
2020-06-17 14:56:41,880 DEBUG - 5.055ms,commonrequest:getBlockNumber:DONE
2020-06-17 14:56:41,900 DEBUG - 11.196ms,commonrequest:call:DONE
2020-06-17 14:56:58,151 DEBUG - 5.662ms,commonrequest:getBlockNumber:DONE
2020-06-17 14:56:58,203 DEBUG - 45.567ms,commonrequest:call:DONE
2020-06-17 15:07:45,947 DEBUG - 5.278ms,commonrequest:getBlockNumber:DONE
2020-06-17 15:07:46,003 DEBUG - 46.922ms,commonrequest:call:DONE
2020-06-17 15:12:47,053 DEBUG - 6.268ms,commonrequest:getBlockNumber:DONE
2020-06-17 15:12:47,075 DEBUG - 14.779ms,commonrequest:call:DONE
2020-06-17 15:15:15,645 DEBUG - 5.095ms,commonrequest:getBlockNumber:DONE
2020-06-17 15:15:15,670 DEBUG - 18.180ms,commonrequest:call:DONE
2020-06-17 15:15:24,344 DEBUG - 6.293ms,commonrequest:getBlockNumber:DONE
2020-06-17 15:15:24,366 DEBUG - 13.570ms,commonrequest:call:DONE
2020-06-17 15:17:00,256 DEBUG - 5.300ms,commonrequest:getBlockNumber:DONE
2020-06-17 15:17:00,275 DEBUG - 12.448ms,commonrequest:call:DONE
2020-06-17 15:17:28,502 DEBUG - 8.431ms,commonrequest:getBlockNumber:DONE
2020-06-17 15:17:28,523 DEBUG - 14.732ms,commonrequest:call:DONE
2020-06-17 15:17:49,443 DEBUG - 6.414ms,commonrequest:getBlockNumber:DONE
2020-06-17 15:17:49,508 DEBUG - 58.653ms,commonrequest:call:DONE
2020-06-17 15:20:54,972 DEBUG - 7.745ms,commonrequest:getBlockNumber:DONE
2020-06-17 15:20:54,996 DEBUG - 18.138ms,commonrequest:call:DONE
2020-06-17 15:21:32,347 DEBUG - 7.697ms,commonrequest:getBlockNumber:DONE
2020-06-17 15:21:32,367 DEBUG - 13.466ms,commonrequest:call:DONE
2020-06-17 15:23:01,873 DEBUG - 7.901ms,commonrequest:getBlockNumber:DONE
2020-06-17 15:23:01,895 DEBUG - 15.945ms,commonrequest:call:DONE
2020-06-17 15:23:48,104 DEBUG - 8.532ms,commonrequest:getBlockNumber:DONE
2020-06-17 15:23:48,129 DEBUG - 18.919ms,commonrequest:call:DONE
2020-06-17 15:24:52,873 DEBUG - 6.112ms,commonrequest:getBlockNumber:DONE
2020-06-17 15:24:52,898 DEBUG - 16.365ms,commonrequest:call:DONE
2020-06-17 15:26:01,660 DEBUG - 8.883ms,commonrequest:getBlockNumber:DONE
2020-06-17 15:26:01,724 DEBUG - 57.419ms,commonrequest:call:DONE
2020-06-17 15:26:04,962 DEBUG - 9.239ms,commonrequest:getBlockNumber:DONE
2020-06-17 15:26:05,020 DEBUG - 51.891ms,commonrequest:call:DONE
2020-06-17 15:26:55,167 DEBUG - 7.506ms,commonrequest:getBlockNumber:DONE
2020-06-17 15:26:55,188 DEBUG - 14.464ms,commonrequest:call:DONE
2020-06-17 15:39:03,957 DEBUG - 7.288ms,commonrequest:getBlockNumber:DONE
2020-06-17 15:39:03,980 DEBUG - 16.528ms,commonrequest:call:DONE
2020-06-17 15:41:44,447 DEBUG - 10.314ms,commonrequest:getBlockNumber:DONE
2020-06-17 15:41:44,472 DEBUG - 17.929ms,commonrequest:call:DONE
2020-06-17 15:52:57,441 DEBUG - 3.487ms,commonrequest:getBlockNumber:DONE
2020-06-17 15:52:57,467 DEBUG - 15.626ms,commonrequest:call:DONE
2020-06-17 15:54:38,264 DEBUG - 5.116ms,commonrequest:getBlockNumber:DONE
2020-06-17 15:54:38,475 DEBUG - 195.062ms,commonrequest:sendRawTransaction:DONE
2020-06-17 15:54:38,491 DEBUG - 14.687ms,commonrequest:getTransactionByHash:DONE
2020-06-17 16:37:24,295 DEBUG - 6.976ms,commonrequest:getBlockNumber:DONE
2020-06-17 16:37:24,321 DEBUG - 16.558ms,commonrequest:call:DONE
2020-06-17 17:38:15,051 DEBUG - 2.766ms,commonrequest:getBlockNumber:DONE
2020-06-17 17:38:15,108 DEBUG - 48.805ms,commonrequest:call:DONE
2020-06-17 17:38:29,263 DEBUG - 5.427ms,commonrequest:getBlockNumber:DONE
2020-06-17 17:38:29,277 DEBUG - 8.322ms,commonrequest:call:DONE
2020-06-17 17:39:58,126 DEBUG - 5.166ms,commonrequest:getBlockNumber:DONE
2020-06-17 17:39:58,149 DEBUG - 16.303ms,commonrequest:call:DONE
2020-06-17 17:42:29,987 DEBUG - 4.138ms,commonrequest:getBlockNumber:DONE
2020-06-17 17:42:30,015 DEBUG - 20.129ms,commonrequest:call:DONE
2020-06-17 17:48:06,242 DEBUG - 4.314ms,commonrequest:getBlockNumber:DONE
2020-06-17 17:48:06,265 DEBUG - 14.609ms,commonrequest:call:DONE
2020-06-17 17:48:48,329 DEBUG - 4.017ms,commonrequest:getBlockNumber:DONE
2020-06-17 17:48:48,357 DEBUG - 17.930ms,commonrequest:call:DONE
2020-06-17 17:49:05,044 DEBUG - 3.217ms,commonrequest:getBlockNumber:DONE
2020-06-17 17:49:05,068 DEBUG - 14.963ms,commonrequest:call:DONE
2020-06-17 17:50:14,222 DEBUG - 4.363ms,commonrequest:getBlockNumber:DONE
2020-06-17 17:50:14,251 DEBUG - 20.329ms,commonrequest:call:DONE
2020-06-17 17:51:02,299 DEBUG - 5.126ms,commonrequest:getBlockNumber:DONE
2020-06-17 17:51:02,356 DEBUG - 46.639ms,commonrequest:call:DONE
2020-06-17 17:53:59,122 DEBUG - 4.184ms,commonrequest:getBlockNumber:DONE
2020-06-17 17:53:59,146 DEBUG - 14.789ms,commonrequest:call:DONE
2020-06-18 09:08:48,915 DEBUG - 4.358ms,commonrequest:getBlockNumber:DONE
2020-06-18 09:08:48,939 DEBUG - 15.628ms,commonrequest:call:DONE
2020-06-18 09:12:51,282 DEBUG - 5.628ms,commonrequest:getBlockNumber:DONE
2020-06-18 09:12:51,308 DEBUG - 16.810ms,commonrequest:call:DONE
2020-06-18 09:13:42,388 DEBUG - 4.211ms,commonrequest:getBlockNumber:DONE
2020-06-18 09:13:42,412 DEBUG - 15.462ms,commonrequest:call:DONE
2020-06-18 09:16:27,586 DEBUG - 5.022ms,commonrequest:getBlockNumber:DONE
2020-06-18 09:16:27,664 DEBUG - 68.840ms,commonrequest:call:DONE
2020-06-18 09:17:17,382 DEBUG - 5.929ms,commonrequest:getBlockNumber:DONE
2020-06-18 09:17:17,407 DEBUG - 18.458ms,commonrequest:call:DONE
2020-06-18 09:18:26,229 DEBUG - 5.547ms,commonrequest:getBlockNumber:DONE
2020-06-18 09:18:26,252 DEBUG - 16.838ms,commonrequest:call:DONE
2020-06-18 09:18:32,709 DEBUG - 5.615ms,commonrequest:getBlockNumber:DONE
2020-06-18 09:18:32,723 DEBUG - 8.196ms,commonrequest:call:DONE
2020-06-18 09:18:46,068 DEBUG - 6.673ms,commonrequest:getBlockNumber:DONE
2020-06-18 09:18:46,120 DEBUG - 45.155ms,commonrequest:call:DONE
2020-06-18 09:25:38,228 DEBUG - 8.206ms,commonrequest:getBlockNumber:DONE
2020-06-18 09:25:38,254 DEBUG - 18.046ms,commonrequest:call:DONE
2020-06-18 09:25:43,927 DEBUG - 7.445ms,commonrequest:getBlockNumber:DONE
2020-06-18 09:25:43,984 DEBUG - 47.935ms,commonrequest:call:DONE
2020-06-18 09:25:49,376 DEBUG - 7.331ms,commonrequest:getBlockNumber:DONE
2020-06-18 09:25:49,392 DEBUG - 9.808ms,commonrequest:call:DONE
2020-06-18 09:28:34,259 DEBUG - 7.826ms,commonrequest:getBlockNumber:DONE
2020-06-18 09:28:34,282 DEBUG - 16.138ms,commonrequest:call:DONE
2020-06-18 09:29:46,433 DEBUG - 8.568ms,commonrequest:getBlockNumber:DONE
2020-06-18 09:29:46,457 DEBUG - 15.971ms,commonrequest:call:DONE
2020-06-18 09:38:21,860 DEBUG - 8.515ms,commonrequest:getBlockNumber:DONE
2020-06-18 09:38:21,883 DEBUG - 14.928ms,commonrequest:call:DONE
2020-06-18 09:39:00,692 DEBUG - 8.405ms,commonrequest:getBlockNumber:DONE
2020-06-18 09:39:00,714 DEBUG - 15.110ms,commonrequest:call:DONE
2020-06-18 09:47:12,223 DEBUG - 9.517ms,commonrequest:getBlockNumber:DONE
2020-06-18 09:47:12,252 DEBUG - 19.761ms,commonrequest:call:DONE
2020-06-18 09:51:54,905 DEBUG - 9.283ms,commonrequest:getBlockNumber:DONE
2020-06-18 09:51:54,935 DEBUG - 23.116ms,commonrequest:call:DONE
2020-06-18 09:58:04,345 DEBUG - 9.666ms,commonrequest:getBlockNumber:DONE
2020-06-18 09:58:04,705 DEBUG - 338.561ms,commonrequest:sendRawTransaction:DONE
2020-06-18 09:58:04,712 DEBUG - 6.003ms,commonrequest:getTransactionByHash:DONE
2020-06-18 09:58:29,183 DEBUG - 8.009ms,commonrequest:getBlockNumber:DONE
2020-06-18 09:58:29,204 DEBUG - 14.819ms,commonrequest:call:DONE
2020-06-18 09:58:37,138 DEBUG - 8.619ms,commonrequest:getBlockNumber:DONE
2020-06-18 09:58:37,162 DEBUG - 15.643ms,commonrequest:call:DONE
2020-06-18 09:58:39,155 DEBUG - 7.737ms,commonrequest:getBlockNumber:DONE
2020-06-18 09:58:39,177 DEBUG - 15.557ms,commonrequest:call:DONE
2020-06-18 09:59:00,673 DEBUG - 9.577ms,commonrequest:getBlockNumber:DONE
2020-06-18 09:59:00,690 DEBUG - 12.743ms,commonrequest:call:DONE
2020-06-18 10:03:12,260 DEBUG - 8.775ms,commonrequest:getBlockNumber:DONE
2020-06-18 10:03:12,285 DEBUG - 16.801ms,commonrequest:call:DONE
2020-06-18 10:03:17,918 DEBUG - 11.037ms,commonrequest:getBlockNumber:DONE
2020-06-18 10:03:17,940 DEBUG - 16.842ms,commonrequest:call:DONE
2020-06-18 10:04:10,754 DEBUG - 11.044ms,commonrequest:getBlockNumber:DONE
2020-06-18 10:04:10,837 DEBUG - 70.676ms,commonrequest:sendRawTransaction:DONE
2020-06-18 10:04:10,841 DEBUG - 4.484ms,commonrequest:getTransactionByHash:DONE
2020-06-18 10:09:01,969 DEBUG - 10.431ms,commonrequest:getBlockNumber:DONE
2020-06-18 10:09:02,482 DEBUG - 500.331ms,commonrequest:sendRawTransaction:DONE
2020-06-18 10:09:02,487 DEBUG - 4.940ms,commonrequest:getTransactionByHash:DONE
2020-06-18 10:09:26,338 DEBUG - 12.063ms,commonrequest:getBlockNumber:DONE
2020-06-18 10:09:26,359 DEBUG - 15.023ms,commonrequest:call:DONE
2020-06-18 10:13:59,960 DEBUG - 11.006ms,commonrequest:getBlockNumber:DONE
2020-06-18 10:14:00,450 DEBUG - 471.590ms,commonrequest:sendRawTransaction:DONE
2020-06-18 10:14:00,459 DEBUG - 8.164ms,commonrequest:getTransactionByHash:DONE
2020-06-18 10:15:47,568 DEBUG - 11.981ms,commonrequest:getBlockNumber:DONE
2020-06-18 10:15:47,593 DEBUG - 18.276ms,commonrequest:call:DONE
2020-06-18 10:17:31,233 DEBUG - 10.787ms,commonrequest:getBlockNumber:DONE
2020-06-18 10:17:31,248 DEBUG - 8.801ms,commonrequest:call:DONE
2020-06-18 10:20:00,070 DEBUG - 11.910ms,commonrequest:getBlockNumber:DONE
2020-06-18 10:20:00,092 DEBUG - 14.810ms,commonrequest:call:DONE
2020-06-18 10:24:11,910 DEBUG - 12.827ms,commonrequest:getBlockNumber:DONE
2020-06-18 10:24:11,941 DEBUG - 22.597ms,commonrequest:call:DONE
2020-06-18 10:26:29,768 DEBUG - 12.078ms,commonrequest:getBlockNumber:DONE
2020-06-18 10:26:30,168 DEBUG - 381.931ms,commonrequest:sendRawTransaction:DONE
2020-06-18 10:26:30,176 DEBUG - 7.161ms,commonrequest:getTransactionByHash:DONE
2020-06-18 10:26:50,321 DEBUG - 10.915ms,commonrequest:getBlockNumber:DONE
2020-06-18 10:26:50,342 DEBUG - 14.153ms,commonrequest:call:DONE
2020-06-18 10:26:57,242 DEBUG - 12.961ms,commonrequest:getBlockNumber:DONE
2020-06-18 10:26:57,265 DEBUG - 17.213ms,commonrequest:call:DONE
2020-06-18 10:28:32,038 DEBUG - 12.214ms,commonrequest:getBlockNumber:DONE
2020-06-18 10:28:32,065 DEBUG - 21.373ms,commonrequest:call:DONE
2020-06-18 10:29:31,503 DEBUG - 4.138ms,commonrequest:getBlockNumber:DONE
2020-06-18 10:29:31,564 DEBUG - 52.079ms,commonrequest:call:DONE
2020-06-18 10:30:06,949 DEBUG - 4.428ms,commonrequest:getBlockNumber:DONE
2020-06-18 10:30:06,973 DEBUG - 13.950ms,commonrequest:call:DONE
2020-06-18 10:32:38,067 DEBUG - 3.893ms,commonrequest:getBlockNumber:DONE
2020-06-18 10:32:38,126 DEBUG - 48.276ms,commonrequest:call:DONE
2020-06-18 10:38:07,855 DEBUG - 5.238ms,commonrequest:getBlockNumber:DONE
2020-06-18 10:38:08,001 DEBUG - 127.922ms,commonrequest:sendRawTransaction:DONE
2020-06-18 10:38:08,010 DEBUG - 7.274ms,commonrequest:getTransactionByHash:DONE
2020-06-18 10:38:22,994 DEBUG - 4.178ms,commonrequest:getBlockNumber:DONE
2020-06-18 10:38:23,018 DEBUG - 16.569ms,commonrequest:call:DONE
2020-06-18 10:40:32,277 DEBUG - 4.981ms,commonrequest:getBlockNumber:DONE
2020-06-18 10:40:32,298 DEBUG - 14.744ms,commonrequest:call:DONE
2020-06-18 10:43:13,488 DEBUG - 55.888ms,commonrequest:getBlockNumber:DONE
2020-06-18 10:43:14,039 DEBUG - 534.638ms,commonrequest:sendRawTransaction:DONE
2020-06-18 10:43:14,053 DEBUG - 13.115ms,commonrequest:getTransactionByHash:DONE
2020-06-18 10:44:02,151 DEBUG - 3.883ms,commonrequest:getBlockNumber:DONE
2020-06-18 10:44:02,297 DEBUG - 129.898ms,commonrequest:sendRawTransaction:DONE
2020-06-18 10:44:02,306 DEBUG - 8.743ms,commonrequest:getTransactionByHash:DONE
2020-06-18 10:44:22,517 DEBUG - 4.951ms,commonrequest:getBlockNumber:DONE
2020-06-18 10:44:22,554 DEBUG - 26.481ms,commonrequest:call:DONE
